<?xml version="1.0" encoding="UTF-8"?>
<testsuite xmlns:xsi="http://www.w3.org/2001/XMLSchema-instance" xsi:noNamespaceSchemaLocation="https://maven.apache.org/surefire/maven-surefire-plugin/xsd/surefire-test-report.xsd" version="3.0.2" name="com.project.template.rest.ItemControllerContractTest" time="7.739" tests="9" errors="0" skipped="0" failures="0">
  <properties>
[...]
</properties>
  <testcase name="createItem_validRequestBody_return201Created" classname="com.project.template.rest.ItemControllerContractTest" time="0.375">
    <system-out><![CDATA[16:31:08.388 [main] INFO org.springframework.boot.test.context.SpringBootTestContextBootstrapper -- Found @SpringBootConfiguration com.project.template.Application for test class com.project.template.rest.ItemControllerContractTest

  .   ____          _            __ _ _
 /\\ / ___'_ __ _ _(_)_ __  __ _ \ \ \ \
( ( )\___ | '_ | '_| | '_ \/ _` | \ \ \ \
 \\/  ___)| |_)| | | | | || (_| |  ) ) ) )
  '  |____| .__|_| |_|_| |_\__, | / / / /
 =========|_|==============|___/=/_/_/_/

 :: Spring Boot ::                (v3.4.5)

2025-05-25T16:31:08.871+04:00  INFO 9608 --- [           main] c.p.t.rest.ItemControllerContractTest    : Starting ItemControllerContractTest using Java 21.0.6 with PID 9608 (started by prave in C:\Development\spring-boot-pravesh\server\project-template-rest)
2025-05-25T16:31:08.872+04:00  INFO 9608 --- [           main] c.p.t.rest.ItemControllerContractTest    : The following 1 profile is active: "dev"
2025-05-25T16:31:08.889+04:00 DEBUG 9608 --- [           main] o.s.w.c.s.GenericWebApplicationContext   : Refreshing org.springframework.web.context.support.GenericWebApplicationContext@3122b117
2025-05-25T16:31:09.699+04:00  INFO 9608 --- [           main] .s.d.r.c.RepositoryConfigurationDelegate : Bootstrapping Spring Data JPA repositories in DEFAULT mode.
2025-05-25T16:31:09.740+04:00  INFO 9608 --- [           main] .s.d.r.c.RepositoryConfigurationDelegate : Finished Spring Data repository scanning in 31 ms. Found 1 JPA repository interface.
2025-05-25T16:31:10.819+04:00  INFO 9608 --- [           main] o.hibernate.jpa.internal.util.LogHelper  : HHH000204: Processing PersistenceUnitInfo [name: default]
2025-05-25T16:31:10.874+04:00  INFO 9608 --- [           main] org.hibernate.Version                    : HHH000412: Hibernate ORM core version 6.6.13.Final
2025-05-25T16:31:10.911+04:00  INFO 9608 --- [           main] o.h.c.internal.RegionFactoryInitiator    : HHH000026: Second-level cache disabled
2025-05-25T16:31:11.232+04:00  INFO 9608 --- [           main] o.s.o.j.p.SpringPersistenceUnitInfo      : No LoadTimeWeaver setup: ignoring JPA class transformer
2025-05-25T16:31:11.254+04:00  INFO 9608 --- [           main] com.zaxxer.hikari.HikariDataSource       : HikariPool-1 - Starting...
2025-05-25T16:31:11.390+04:00  INFO 9608 --- [           main] com.zaxxer.hikari.pool.HikariPool        : HikariPool-1 - Added connection conn0: url=jdbc:h2:mem:project-template user=ROOT
2025-05-25T16:31:11.393+04:00  INFO 9608 --- [           main] com.zaxxer.hikari.HikariDataSource       : HikariPool-1 - Start completed.
2025-05-25T16:31:11.449+04:00  INFO 9608 --- [           main] org.hibernate.orm.connections.pooling    : HHH10001005: Database info:
	Database JDBC URL [Connecting through datasource 'HikariDataSource (HikariPool-1)']
	Database driver: undefined/unknown
	Database version: 2.3.232
	Autocommit mode: undefined/unknown
	Isolation level: undefined/unknown
	Minimum pool size: undefined/unknown
	Maximum pool size: undefined/unknown
2025-05-25T16:31:12.218+04:00  INFO 9608 --- [           main] o.h.e.t.j.p.i.JtaPlatformInitiator       : HHH000489: No JTA platform available (set 'hibernate.transaction.jta.platform' to enable JTA platform integration)
Hibernate: drop table if exists inventory_item cascade 
Hibernate: create table inventory_item (price numeric(10,2) not null, quantity integer not null, created_on timestamp(6), updated_on timestamp(6), id uuid not null, name varchar(255) not null, primary key (id))
2025-05-25T16:31:12.246+04:00  INFO 9608 --- [           main] j.LocalContainerEntityManagerFactoryBean : Initialized JPA EntityManagerFactory for persistence unit 'default'
2025-05-25T16:31:13.908+04:00  WARN 9608 --- [           main] JpaBaseConfiguration$JpaWebConfiguration : spring.jpa.open-in-view is enabled by default. Therefore, database queries may be performed during view rendering. Explicitly configure spring.jpa.open-in-view to disable this warning
2025-05-25T16:31:14.056+04:00 DEBUG 9608 --- [           main] s.w.s.m.m.a.RequestMappingHandlerMapping : 8 mappings in 'requestMappingHandlerMapping'
2025-05-25T16:31:14.282+04:00 DEBUG 9608 --- [           main] o.s.w.s.handler.SimpleUrlHandlerMapping  : Patterns [/webjars/**, /**, /swagger-ui*/*swagger-initializer.js, /swagger-ui*/**] in 'resourceHandlerMapping'
2025-05-25T16:31:14.346+04:00 DEBUG 9608 --- [           main] s.w.s.m.m.a.RequestMappingHandlerAdapter : ControllerAdvice beans: 0 @ModelAttribute, 0 @InitBinder, 1 RequestBodyAdvice, 1 ResponseBodyAdvice
2025-05-25T16:31:14.416+04:00 DEBUG 9608 --- [           main] .m.m.a.ExceptionHandlerExceptionResolver : ControllerAdvice beans: 1 @ExceptionHandler, 1 ResponseBodyAdvice
2025-05-25T16:31:15.047+04:00 DEBUG 9608 --- [           main] o.s.w.f.ServerHttpObservationFilter      : Filter 'webMvcObservationFilter' configured for use
2025-05-25T16:31:15.048+04:00  INFO 9608 --- [           main] o.s.b.t.m.w.SpringBootMockServletContext : Initializing Spring TestDispatcherServlet ''
2025-05-25T16:31:15.048+04:00  INFO 9608 --- [           main] o.s.t.web.servlet.TestDispatcherServlet  : Initializing Servlet ''
2025-05-25T16:31:15.064+04:00  INFO 9608 --- [           main] o.s.b.a.e.web.EndpointLinksResolver      : Exposing 1 endpoint beneath base path '/actuator'
2025-05-25T16:31:15.096+04:00  INFO 9608 --- [           main] o.s.t.web.servlet.TestDispatcherServlet  : Completed initialization in 47 ms
2025-05-25T16:31:15.218+04:00  INFO 9608 --- [           main] c.p.t.rest.ItemControllerContractTest    : Started ItemControllerContractTest in 6.683 seconds (process running for 7.681)
2025-05-25T16:31:15.502+04:00 DEBUG 9608 --- [           main] s.w.s.m.m.a.RequestMappingHandlerMapping : Mapped to com.project.template.rest.ItemController#createItem(ItemRequestApiBean)
2025-05-25T16:31:15.537+04:00 DEBUG 9608 --- [           main] m.m.a.RequestResponseBodyMethodProcessor : Read "application/json;charset=UTF-8" to [class ItemRequestApiBean {<EOL>    name: Laptop<EOL>    quantity: 10<EOL>    price: 999.99<EOL>}]
2025-05-25T16:31:15.603+04:00 DEBUG 9608 --- [           main] o.s.w.s.m.m.a.HttpEntityMethodProcessor  : Using 'application/json', given [*/*] and supported [application/json]
2025-05-25T16:31:15.617+04:00 DEBUG 9608 --- [           main] o.s.w.s.m.m.a.HttpEntityMethodProcessor  : Writing [class ItemResponseApiBean {<EOL>    id: 123e4567-e89b-12d3-a456-426614174000<EOL>    name: Laptop<EOL>    quanti (truncated)...]
]]></system-out>
    <system-err><![CDATA[Mockito is currently self-attaching to enable the inline-mock-maker. This will no longer work in future releases of the JDK. Please add Mockito as an agent to your build what is described in Mockito's documentation: https://javadoc.io/doc/org.mockito/mockito-core/latest/org/mockito/Mockito.html#0.3
WARNING: A Java agent has been loaded dynamically (C:\Users\prave\.m2\repository\net\bytebuddy\byte-buddy-agent\1.15.11\byte-buddy-agent-1.15.11.jar)
WARNING: If a serviceability tool is in use, please run with -XX:+EnableDynamicAgentLoading to hide this warning
WARNING: If a serviceability tool is not in use, please run with -Djdk.instrument.traceUsage for more information
WARNING: Dynamic loading of agents will be disallowed by default in a future release
]]></system-err>
  </testcase>
  <testcase name="updateItem_itemNotFound_return404NotFound" classname="com.project.template.rest.ItemControllerContractTest" time="0.042">
    <system-out><![CDATA[2025-05-25T16:31:15.716+04:00 DEBUG 9608 --- [           main] s.w.s.m.m.a.RequestMappingHandlerMapping : Mapped to com.project.template.rest.ItemController#updateItem(UUID, ItemRequestApiBean)
2025-05-25T16:31:15.718+04:00 DEBUG 9608 --- [           main] m.m.a.RequestResponseBodyMethodProcessor : Read "application/json;charset=UTF-8" to [class ItemRequestApiBean {<EOL>    name: Laptop<EOL>    quantity: 10<EOL>    price: 999.99<EOL>}]
2025-05-25T16:31:15.721+04:00 DEBUG 9608 --- [           main] .m.m.a.ExceptionHandlerExceptionResolver : Using @ExceptionHandler com.project.template.ProjectTemplateResponseEntityExceptionHandler#handleResourceNotFoundException(ResourceNotFoundException, WebRequest)
2025-05-25T16:31:15.738+04:00 DEBUG 9608 --- [           main] o.s.w.s.m.m.a.HttpEntityMethodProcessor  : Using 'application/json', given [*/*] and supported [application/json, application/*+json, application/yaml]
2025-05-25T16:31:15.741+04:00 DEBUG 9608 --- [           main] o.s.w.s.m.m.a.HttpEntityMethodProcessor  : Writing [{timestamp=Sun May 25 16:31:15 MUT 2025, message=Item not found with id: aaaaaaaa-aaaa-aaaa-aaaa-aaa (truncated)...]
2025-05-25T16:31:15.747+04:00 DEBUG 9608 --- [           main] .m.m.a.ExceptionHandlerExceptionResolver : Resolved [com.project.template.exception.ResourceNotFoundException: Item not found with id: aaaaaaaa-aaaa-aaaa-aaaa-aaaaaaaaaaaa]
]]></system-out>
  </testcase>
  <testcase name="getItem_validId_return200Ok" classname="com.project.template.rest.ItemControllerContractTest" time="0.014">
    <system-out><![CDATA[2025-05-25T16:31:15.758+04:00 DEBUG 9608 --- [           main] s.w.s.m.m.a.RequestMappingHandlerMapping : Mapped to com.project.template.rest.ItemController#getItemById(UUID)
2025-05-25T16:31:15.761+04:00 DEBUG 9608 --- [           main] o.s.w.s.m.m.a.HttpEntityMethodProcessor  : Using 'application/json', given [*/*] and supported [application/json]
2025-05-25T16:31:15.761+04:00 DEBUG 9608 --- [           main] o.s.w.s.m.m.a.HttpEntityMethodProcessor  : Writing [class ItemResponseApiBean {<EOL>    id: 123e4567-e89b-12d3-a456-426614174000<EOL>    name: Laptop<EOL>    quanti (truncated)...]
]]></system-out>
  </testcase>
  <testcase name="deleteItem_whenItemNotFound_return404NotFound" classname="com.project.template.rest.ItemControllerContractTest" time="0.013">
    <system-out><![CDATA[2025-05-25T16:31:15.773+04:00 DEBUG 9608 --- [           main] s.w.s.m.m.a.RequestMappingHandlerMapping : Mapped to com.project.template.rest.ItemController#deleteItem(UUID)
2025-05-25T16:31:15.775+04:00 DEBUG 9608 --- [           main] .m.m.a.ExceptionHandlerExceptionResolver : Using @ExceptionHandler com.project.template.ProjectTemplateResponseEntityExceptionHandler#handleResourceNotFoundException(ResourceNotFoundException, WebRequest)
2025-05-25T16:31:15.775+04:00 DEBUG 9608 --- [           main] o.s.w.s.m.m.a.HttpEntityMethodProcessor  : Using 'application/json', given [*/*] and supported [application/json, application/*+json, application/yaml]
2025-05-25T16:31:15.775+04:00 DEBUG 9608 --- [           main] o.s.w.s.m.m.a.HttpEntityMethodProcessor  : Writing [{timestamp=Sun May 25 16:31:15 MUT 2025, message=Item not found with id: aaaaaaaa-aaaa-aaaa-aaaa-aaa (truncated)...]
2025-05-25T16:31:15.776+04:00 DEBUG 9608 --- [           main] .m.m.a.ExceptionHandlerExceptionResolver : Resolved [com.project.template.exception.ResourceNotFoundException: Item not found with id: aaaaaaaa-aaaa-aaaa-aaaa-aaaaaaaaaaaa]
]]></system-out>
  </testcase>
  <testcase name="createItem_invalidRequestBody_return400BadRequest" classname="com.project.template.rest.ItemControllerContractTest" time="0.023">
    <system-out><![CDATA[2025-05-25T16:31:15.785+04:00 DEBUG 9608 --- [           main] s.w.s.m.m.a.RequestMappingHandlerMapping : Mapped to com.project.template.rest.ItemController#createItem(ItemRequestApiBean)
2025-05-25T16:31:15.794+04:00 DEBUG 9608 --- [           main] o.s.web.method.HandlerMethod             : Could not resolve parameter [0] in public org.springframework.http.ResponseEntity<com.project.template.model.ItemResponseApiBean> com.project.template.rest.ItemController.createItem(com.project.template.model.ItemRequestApiBean): JSON parse error: Cannot deserialize value of type `java.lang.Integer` from String "Not-a-number": not a valid `java.lang.Integer` value
2025-05-25T16:31:15.795+04:00 DEBUG 9608 --- [           main] .m.m.a.ExceptionHandlerExceptionResolver : Using @ExceptionHandler com.project.template.ProjectTemplateResponseEntityExceptionHandler#handleException(Exception, WebRequest)
2025-05-25T16:31:15.798+04:00 DEBUG 9608 --- [           main] o.s.w.s.m.m.a.HttpEntityMethodProcessor  : Using 'application/json', given [*/*] and supported [application/json, application/*+json, application/yaml]
2025-05-25T16:31:15.799+04:00 DEBUG 9608 --- [           main] o.s.w.s.m.m.a.HttpEntityMethodProcessor  : Writing [{timestamp=Sun May 25 16:31:15 MUT 2025, message=JSON parse error: Cannot deserialize value of type  (truncated)...]
2025-05-25T16:31:15.799+04:00 DEBUG 9608 --- [           main] .m.m.a.ExceptionHandlerExceptionResolver : Resolved [org.springframework.http.converter.HttpMessageNotReadableException: JSON parse error: Cannot deserialize value of type `java.lang.Integer` from String "Not-a-number": not a valid `java.lang.Integer` value]
]]></system-out>
  </testcase>
  <testcase name="updateItem_validRequest_return200Ok" classname="com.project.template.rest.ItemControllerContractTest" time="0.013">
    <system-out><![CDATA[2025-05-25T16:31:15.813+04:00 DEBUG 9608 --- [           main] s.w.s.m.m.a.RequestMappingHandlerMapping : Mapped to com.project.template.rest.ItemController#updateItem(UUID, ItemRequestApiBean)
2025-05-25T16:31:15.814+04:00 DEBUG 9608 --- [           main] m.m.a.RequestResponseBodyMethodProcessor : Read "application/json;charset=UTF-8" to [class ItemRequestApiBean {<EOL>    name: Laptop<EOL>    quantity: 10<EOL>    price: 999.99<EOL>}]
2025-05-25T16:31:15.814+04:00 DEBUG 9608 --- [           main] o.s.w.s.m.m.a.HttpEntityMethodProcessor  : Using 'application/json', given [*/*] and supported [application/json]
2025-05-25T16:31:15.815+04:00 DEBUG 9608 --- [           main] o.s.w.s.m.m.a.HttpEntityMethodProcessor  : Writing [class ItemResponseApiBean {<EOL>    id: 123e4567-e89b-12d3-a456-426614174000<EOL>    name: Laptop<EOL>    quanti (truncated)...]
]]></system-out>
  </testcase>
  <testcase name="deleteItem_return204NoContent" classname="com.project.template.rest.ItemControllerContractTest" time="0.012">
    <system-out><![CDATA[2025-05-25T16:31:15.827+04:00 DEBUG 9608 --- [           main] s.w.s.m.m.a.RequestMappingHandlerMapping : Mapped to com.project.template.rest.ItemController#deleteItem(UUID)
2025-05-25T16:31:15.828+04:00 DEBUG 9608 --- [           main] o.s.w.s.m.m.a.HttpEntityMethodProcessor  : Using 'application/json', given [*/*] and supported [application/json, application/*+json, application/yaml]
2025-05-25T16:31:15.829+04:00 DEBUG 9608 --- [           main] o.s.w.s.m.m.a.HttpEntityMethodProcessor  : Nothing to write: null body
]]></system-out>
  </testcase>
  <testcase name="updateItem_invalidRequest_return400BadRequest" classname="com.project.template.rest.ItemControllerContractTest" time="0.011">
    <system-out><![CDATA[2025-05-25T16:31:15.839+04:00 DEBUG 9608 --- [           main] s.w.s.m.m.a.RequestMappingHandlerMapping : Mapped to com.project.template.rest.ItemController#updateItem(UUID, ItemRequestApiBean)
2025-05-25T16:31:15.840+04:00 DEBUG 9608 --- [           main] o.s.web.method.HandlerMethod             : Could not resolve parameter [1] in public org.springframework.http.ResponseEntity<com.project.template.model.ItemResponseApiBean> com.project.template.rest.ItemController.updateItem(java.util.UUID,com.project.template.model.ItemRequestApiBean): JSON parse error: Cannot deserialize value of type `java.lang.Integer` from String "Not-a-number": not a valid `java.lang.Integer` value
2025-05-25T16:31:15.840+04:00 DEBUG 9608 --- [           main] .m.m.a.ExceptionHandlerExceptionResolver : Using @ExceptionHandler com.project.template.ProjectTemplateResponseEntityExceptionHandler#handleException(Exception, WebRequest)
2025-05-25T16:31:15.840+04:00 DEBUG 9608 --- [           main] o.s.w.s.m.m.a.HttpEntityMethodProcessor  : Using 'application/json', given [*/*] and supported [application/json, application/*+json, application/yaml]
2025-05-25T16:31:15.840+04:00 DEBUG 9608 --- [           main] o.s.w.s.m.m.a.HttpEntityMethodProcessor  : Writing [{timestamp=Sun May 25 16:31:15 MUT 2025, message=JSON parse error: Cannot deserialize value of type  (truncated)...]
2025-05-25T16:31:15.840+04:00 DEBUG 9608 --- [           main] .m.m.a.ExceptionHandlerExceptionResolver : Resolved [org.springframework.http.converter.HttpMessageNotReadableException: JSON parse error: Cannot deserialize value of type `java.lang.Integer` from String "Not-a-number": not a valid `java.lang.Integer` value]
]]></system-out>
  </testcase>
  <testcase name="getItem_invalidId_return404NotFound" classname="com.project.template.rest.ItemControllerContractTest" time="0.008">
    <system-out><![CDATA[2025-05-25T16:31:15.849+04:00 DEBUG 9608 --- [           main] s.w.s.m.m.a.RequestMappingHandlerMapping : Mapped to com.project.template.rest.ItemController#getItemById(UUID)
2025-05-25T16:31:15.850+04:00 DEBUG 9608 --- [           main] .m.m.a.ExceptionHandlerExceptionResolver : Using @ExceptionHandler com.project.template.ProjectTemplateResponseEntityExceptionHandler#handleResourceNotFoundException(ResourceNotFoundException, WebRequest)
2025-05-25T16:31:15.851+04:00 DEBUG 9608 --- [           main] o.s.w.s.m.m.a.HttpEntityMethodProcessor  : Using 'application/json', given [*/*] and supported [application/json, application/*+json, application/yaml]
2025-05-25T16:31:15.851+04:00 DEBUG 9608 --- [           main] o.s.w.s.m.m.a.HttpEntityMethodProcessor  : Writing [{timestamp=Sun May 25 16:31:15 MUT 2025, message=Item not found with id: aaaaaaaa-aaaa-aaaa-aaaa-aaa (truncated)...]
2025-05-25T16:31:15.851+04:00 DEBUG 9608 --- [           main] .m.m.a.ExceptionHandlerExceptionResolver : Resolved [com.project.template.exception.ResourceNotFoundException: Item not found with id: aaaaaaaa-aaaa-aaaa-aaaa-aaaaaaaaaaaa]
]]></system-out>
  </testcase>
</testsuite>